# JRE version: OpenJDK Runtime Environment Temurin-21.0.10+7 (21.0.10+7) (build 21.0.10+7-LTS)
# Java VM: OpenJDK 64-Bit Server VM Temurin-21.0.10+7 (21.0.10+7-LTS, mixed mode, sharing, tiered, compressed oops, compressed class ptrs, parallel gc, windows-amd64)
GC Precious Log:
 CardTable entry size: 512
 CPUs: 6 total, 6 available
 Memory: 3445M
 Large Page Support: Disabled
 NUMA Support: Disabled
 Compressed Oops: Enabled (32-bit)
 Alignments: Space 512K, Generation 512K, Heap 2M
 Heap Min Capacity: 100M
 Heap Initial Capacity: 100M
 Heap Max Capacity: 2G
 Pre-touch: Disabled
 Parallel Workers: 6
Heap:
 PSYoungGen      total 2560K, used 1952K [0x00000000d5580000, 0x00000000d5b00000, 0x0000000100000000)
  eden space 2048K, 87% used [0x00000000d5580000,0x00000000d5740198,0x00000000d5780000)
  from space 512K, 31% used [0x00000000d5a00000,0x00000000d5a28000,0x00000000d5a80000)
  to   space 512K, 0% used [0x00000000d5a80000,0x00000000d5a80000,0x00000000d5b00000)
 ParOldGen       total 1375744K, used 1375515K [0x0000000080000000, 0x00000000d3f80000, 0x00000000d5580000)
  object space 1375744K, 99% used [0x0000000080000000,0x00000000d3f46f20,0x00000000d3f80000)
 Metaspace       used 87431K, committed 89280K, reserved 1179648K
  class space    used 9031K, committed 9920K, reserved 1048576K
GC Heap History (20 events):
Event: 565.298 GC heap before
{Heap before GC invocations=1010 (full 4):
 PSYoungGen      total 1536K, used 1183K [0x00000000d5580000, 0x00000000d5b00000, 0x0000000100000000)
  eden space 1024K, 99% used [0x00000000d5580000,0x00000000d567fff8,0x00000000d5680000)
  from space 512K, 31% used [0x00000000d5680000,0x00000000d56a8000,0x00000000d5700000)
  to   space 512K, 0% used [0x00000000d5a80000,0x00000000d5a80000,0x00000000d5b00000)
 ParOldGen       total 1375744K, used 1374666K [0x0000000080000000, 0x00000000d3f80000, 0x00000000d5580000)
  object space 1375744K, 99% used [0x0000000080000000,0x00000000d3e72b20,0x00000000d3f80000)
 Metaspace       used 86758K, committed 88576K, reserved 1179648K
  class space    used 8943K, committed 9792K, reserved 1048576K
}
Event: 565.300 GC heap after
{Heap after GC invocations=1010 (full 4):
 PSYoungGen      total 1536K, used 192K [0x00000000d5580000, 0x00000000d5b00000, 0x0000000100000000)
  eden space 1024K, 0% used [0x00000000d5580000,0x00000000d5580000,0x00000000d5680000)
  from space 512K, 37% used [0x00000000d5a80000,0x00000000d5ab0000,0x00000000d5b00000)
  to   space 512K, 0% used [0x00000000d5680000,0x00000000d5680000,0x00000000d5700000)
 ParOldGen       total 1375744K, used 1374733K [0x0000000080000000, 0x00000000d3f80000, 0x00000000d5580000)
  object space 1375744K, 99% used [0x0000000080000000,0x00000000d3e83420,0x00000000d3f80000)
 Metaspace       used 86758K, committed 88576K, reserved 1179648K
  class space    used 8943K, committed 9792K, reserved 1048576K
}
Event: 565.303 GC heap before
{Heap before GC invocations=1011 (full 4):
 PSYoungGen      total 1536K, used 1216K [0x00000000d5580000, 0x00000000d5b00000, 0x0000000100000000)
  eden space 1024K, 100% used [0x00000000d5580000,0x00000000d5680000,0x00000000d5680000)
  from space 512K, 37% used [0x00000000d5a80000,0x00000000d5ab0000,0x00000000d5b00000)
  to   space 512K, 0% used [0x00000000d5680000,0x00000000d5680000,0x00000000d5700000)
 ParOldGen       total 1375744K, used 1374733K [0x0000000080000000, 0x00000000d3f80000, 0x00000000d5580000)
  object space 1375744K, 99% used [0x0000000080000000,0x00000000d3e83420,0x00000000d3f80000)
 Metaspace       used 86758K, committed 88576K, reserved 1179648K
  class space    used 8943K, committed 9792K, reserved 1048576K
}
Event: 565.307 GC heap after
{Heap after GC invocations=1011 (full 4):
 PSYoungGen      total 1536K, used 256K [0x00000000d5580000, 0x00000000d5b00000, 0x0000000100000000)
  eden space 1024K, 0% used [0x00000000d5580000,0x00000000d5580000,0x00000000d5680000)
  from space 512K, 50% used [0x00000000d5680000,0x00000000d56c0000,0x00000000d5700000)
  to   space 512K, 0% used [0x00000000d5a80000,0x00000000d5a80000,0x00000000d5b00000)
 ParOldGen       total 1375744K, used 1374863K [0x0000000080000000, 0x00000000d3f80000, 0x00000000d5580000)
  object space 1375744K, 99% used [0x0000000080000000,0x00000000d3ea3d20,0x00000000d3f80000)
 Metaspace       used 86758K, committed 88576K, reserved 1179648K
  class space    used 8943K, committed 9792K, reserved 1048576K
}
Event: 565.337 GC heap before
{Heap before GC invocations=1012 (full 4):
 PSYoungGen      total 1536K, used 1280K [0x00000000d5580000, 0x00000000d5b00000, 0x0000000100000000)
  eden space 1024K, 100% used [0x00000000d5580000,0x00000000d5680000,0x00000000d5680000)
  from space 512K, 50% used [0x00000000d5680000,0x00000000d56c0000,0x00000000d5700000)
  to   space 512K, 0% used [0x00000000d5a80000,0x00000000d5a80000,0x00000000d5b00000)
 ParOldGen       total 1375744K, used 1374863K [0x0000000080000000, 0x00000000d3f80000, 0x00000000d5580000)
  object space 1375744K, 99% used [0x0000000080000000,0x00000000d3ea3d20,0x00000000d3f80000)
 Metaspace       used 86760K, committed 88576K, reserved 1179648K
  class space    used 8943K, committed 9792K, reserved 1048576K
}
Event: 565.340 GC heap after
{Heap after GC invocations=1012 (full 4):
 PSYoungGen      total 2048K, used 314K [0x00000000d5580000, 0x00000000d5b00000, 0x0000000100000000)
  eden space 1536K, 0% used [0x00000000d5580000,0x00000000d5580000,0x00000000d5700000)
  from space 512K, 61% used [0x00000000d5a80000,0x00000000d5ace900,0x00000000d5b00000)
  to   space 512K, 0% used [0x00000000d5a00000,0x00000000d5a00000,0x00000000d5a80000)
 ParOldGen       total 1375744K, used 1375095K [0x0000000080000000, 0x00000000d3f80000, 0x00000000d5580000)
  object space 1375744K, 99% used [0x0000000080000000,0x00000000d3eddd20,0x00000000d3f80000)
 Metaspace       used 86760K, committed 88576K, reserved 1179648K
  class space    used 8943K, committed 9792K, reserved 1048576K
}
Event: 565.346 GC heap before
{Heap before GC invocations=1013 (full 4):
 PSYoungGen      total 2048K, used 1850K [0x00000000d5580000, 0x00000000d5b00000, 0x0000000100000000)
  eden space 1536K, 100% used [0x00000000d5580000,0x00000000d5700000,0x00000000d5700000)
  from space 512K, 61% used [0x00000000d5a80000,0x00000000d5ace900,0x00000000d5b00000)
  to   space 512K, 0% used [0x00000000d5a00000,0x00000000d5a00000,0x00000000d5a80000)
 ParOldGen       total 1375744K, used 1375095K [0x0000000080000000, 0x00000000d3f80000, 0x00000000d5580000)
  object space 1375744K, 99% used [0x0000000080000000,0x00000000d3eddd20,0x00000000d3f80000)
 Metaspace       used 86760K, committed 88576K, reserved 1179648K
  class space    used 8943K, committed 9792K, reserved 1048576K
}
Event: 565.348 GC heap after
{Heap after GC invocations=1013 (full 4):
 PSYoungGen      total 2560K, used 416K [0x00000000d5580000, 0x00000000d5b00000, 0x0000000100000000)
  eden space 2048K, 0% used [0x00000000d5580000,0x00000000d5580000,0x00000000d5780000)
  from space 512K, 81% used [0x00000000d5a00000,0x00000000d5a68000,0x00000000d5a80000)
  to   space 512K, 0% used [0x00000000d5a80000,0x00000000d5a80000,0x00000000d5b00000)
 ParOldGen       total 1375744K, used 1375331K [0x0000000080000000, 0x00000000d3f80000, 0x00000000d5580000)
  object space 1375744K, 99% used [0x0000000080000000,0x00000000d3f18f20,0x00000000d3f80000)
 Metaspace       used 86760K, committed 88576K, reserved 1179648K
  class space    used 8943K, committed 9792K, reserved 1048576K
}
Event: 566.357 GC heap before
{Heap before GC invocations=1014 (full 4):
 PSYoungGen      total 2560K, used 2464K [0x00000000d5580000, 0x00000000d5b00000, 0x0000000100000000)
  eden space 2048K, 100% used [0x00000000d5580000,0x00000000d5780000,0x00000000d5780000)
  from space 512K, 81% used [0x00000000d5a00000,0x00000000d5a68000,0x00000000d5a80000)
  to   space 512K, 0% used [0x00000000d5a80000,0x00000000d5a80000,0x00000000d5b00000)
 ParOldGen       total 1375744K, used 1375331K [0x0000000080000000, 0x00000000d3f80000, 0x00000000d5580000)
  object space 1375744K, 99% used [0x0000000080000000,0x00000000d3f18f20,0x00000000d3f80000)
 Metaspace       used 86761K, committed 88576K, reserved 1179648K
  class space    used 8943K, committed 9792K, reserved 1048576K
}
Event: 566.364 GC heap after
{Heap after GC invocations=1014 (full 4):
 PSYoungGen      total 2560K, used 410K [0x00000000d5580000, 0x00000000d5b00000, 0x0000000100000000)
  eden space 2048K, 0% used [0x00000000d5580000,0x00000000d5580000,0x00000000d5780000)
  from space 512K, 80% used [0x00000000d5a80000,0x00000000d5ae6900,0x00000000d5b00000)
  to   space 512K, 0% used [0x00000000d5a00000,0x00000000d5a00000,0x00000000d5a80000)
 ParOldGen       total 1375744K, used 1375347K [0x0000000080000000, 0x00000000d3f80000, 0x00000000d5580000)
  object space 1375744K, 99% used [0x0000000080000000,0x00000000d3f1cf20,0x00000000d3f80000)
 Metaspace       used 86761K, committed 88576K, reserved 1179648K
  class space    used 8943K, committed 9792K, reserved 1048576K
}
Event: 566.669 GC heap before
{Heap before GC invocations=1015 (full 4):
 PSYoungGen      total 2560K, used 2458K [0x00000000d5580000, 0x00000000d5b00000, 0x0000000100000000)
  eden space 2048K, 100% used [0x00000000d5580000,0x00000000d5780000,0x00000000d5780000)
  from space 512K, 80% used [0x00000000d5a80000,0x00000000d5ae6900,0x00000000d5b00000)
  to   space 512K, 0% used [0x00000000d5a00000,0x00000000d5a00000,0x00000000d5a80000)
 ParOldGen       total 1375744K, used 1375347K [0x0000000080000000, 0x00000000d3f80000, 0x00000000d5580000)
  object space 1375744K, 99% used [0x0000000080000000,0x00000000d3f1cf20,0x00000000d3f80000)
 Metaspace       used 86869K, committed 88704K, reserved 1179648K
  class space    used 8955K, committed 9792K, reserved 1048576K
}
Event: 566.672 GC heap after
{Heap after GC invocations=1015 (full 4):
 PSYoungGen      total 2560K, used 96K [0x00000000d5580000, 0x00000000d5b00000, 0x0000000100000000)
  eden space 2048K, 0% used [0x00000000d5580000,0x00000000d5580000,0x00000000d5780000)
  from space 512K, 18% used [0x00000000d5a00000,0x00000000d5a18000,0x00000000d5a80000)
  to   space 512K, 0% used [0x00000000d5a80000,0x00000000d5a80000,0x00000000d5b00000)
 ParOldGen       total 1375744K, used 1375363K [0x0000000080000000, 0x00000000d3f80000, 0x00000000d5580000)
  object space 1375744K, 99% used [0x0000000080000000,0x00000000d3f20f20,0x00000000d3f80000)
 Metaspace       used 86869K, committed 88704K, reserved 1179648K
  class space    used 8955K, committed 9792K, reserved 1048576K
}
Event: 566.925 GC heap before
{Heap before GC invocations=1016 (full 4):
 PSYoungGen      total 2560K, used 2144K [0x00000000d5580000, 0x00000000d5b00000, 0x0000000100000000)
  eden space 2048K, 100% used [0x00000000d5580000,0x00000000d5780000,0x00000000d5780000)
  from space 512K, 18% used [0x00000000d5a00000,0x00000000d5a18000,0x00000000d5a80000)
  to   space 512K, 0% used [0x00000000d5a80000,0x00000000d5a80000,0x00000000d5b00000)
 ParOldGen       total 1375744K, used 1375363K [0x0000000080000000, 0x00000000d3f80000, 0x00000000d5580000)
  object space 1375744K, 99% used [0x0000000080000000,0x00000000d3f20f20,0x00000000d3f80000)
 Metaspace       used 87196K, committed 89024K, reserved 1179648K
  class space    used 9006K, committed 9856K, reserved 1048576K
}
Event: 566.929 GC heap after
{Heap after GC invocations=1016 (full 4):
 PSYoungGen      total 2560K, used 160K [0x00000000d5580000, 0x00000000d5b00000, 0x0000000100000000)
  eden space 2048K, 0% used [0x00000000d5580000,0x00000000d5580000,0x00000000d5780000)
  from space 512K, 31% used [0x00000000d5a80000,0x00000000d5aa8000,0x00000000d5b00000)
  to   space 512K, 0% used [0x00000000d5a00000,0x00000000d5a00000,0x00000000d5a80000)
 ParOldGen       total 1375744K, used 1375403K [0x0000000080000000, 0x00000000d3f80000, 0x00000000d5580000)
  object space 1375744K, 99% used [0x0000000080000000,0x00000000d3f2af20,0x00000000d3f80000)
 Metaspace       used 87196K, committed 89024K, reserved 1179648K
  class space    used 9006K, committed 9856K, reserved 1048576K
}
Event: 568.670 GC heap before
{Heap before GC invocations=1017 (full 4):
 PSYoungGen      total 2560K, used 2208K [0x00000000d5580000, 0x00000000d5b00000, 0x0000000100000000)
  eden space 2048K, 100% used [0x00000000d5580000,0x00000000d5780000,0x00000000d5780000)
  from space 512K, 31% used [0x00000000d5a80000,0x00000000d5aa8000,0x00000000d5b00000)
  to   space 512K, 0% used [0x00000000d5a00000,0x00000000d5a00000,0x00000000d5a80000)
 ParOldGen       total 1375744K, used 1375403K [0x0000000080000000, 0x00000000d3f80000, 0x00000000d5580000)
  object space 1375744K, 99% used [0x0000000080000000,0x00000000d3f2af20,0x00000000d3f80000)
 Metaspace       used 87427K, committed 89280K, reserved 1179648K
  class space    used 9031K, committed 9920K, reserved 1048576K
}
Event: 568.675 GC heap after
{Heap after GC invocations=1017 (full 4):
 PSYoungGen      total 2560K, used 128K [0x00000000d5580000, 0x00000000d5b00000, 0x0000000100000000)
  eden space 2048K, 0% used [0x00000000d5580000,0x00000000d5580000,0x00000000d5780000)
  from space 512K, 25% used [0x00000000d5a00000,0x00000000d5a20000,0x00000000d5a80000)
  to   space 512K, 0% used [0x00000000d5a80000,0x00000000d5a80000,0x00000000d5b00000)
 ParOldGen       total 1375744K, used 1375483K [0x0000000080000000, 0x00000000d3f80000, 0x00000000d5580000)
  object space 1375744K, 99% used [0x0000000080000000,0x00000000d3f3ef20,0x00000000d3f80000)
 Metaspace       used 87427K, committed 89280K, reserved 1179648K
  class space    used 9031K, committed 9920K, reserved 1048576K
}
Event: 569.848 GC heap before
{Heap before GC invocations=1018 (full 4):
 PSYoungGen      total 2560K, used 2176K [0x00000000d5580000, 0x00000000d5b00000, 0x0000000100000000)
  eden space 2048K, 100% used [0x00000000d5580000,0x00000000d5780000,0x00000000d5780000)
  from space 512K, 25% used [0x00000000d5a00000,0x00000000d5a20000,0x00000000d5a80000)
  to   space 512K, 0% used [0x00000000d5a80000,0x00000000d5a80000,0x00000000d5b00000)
 ParOldGen       total 1375744K, used 1375483K [0x0000000080000000, 0x00000000d3f80000, 0x00000000d5580000)
  object space 1375744K, 99% used [0x0000000080000000,0x00000000d3f3ef20,0x00000000d3f80000)
 Metaspace       used 87427K, committed 89280K, reserved 1179648K
  class space    used 9031K, committed 9920K, reserved 1048576K
}
Event: 569.854 GC heap after
{Heap after GC invocations=1018 (full 4):
 PSYoungGen      total 2560K, used 32K [0x00000000d5580000, 0x00000000d5b00000, 0x0000000100000000)
  eden space 2048K, 0% used [0x00000000d5580000,0x00000000d5580000,0x00000000d5780000)
  from space 512K, 6% used [0x00000000d5a80000,0x00000000d5a88000,0x00000000d5b00000)
  to   space 512K, 0% used [0x00000000d5a00000,0x00000000d5a00000,0x00000000d5a80000)
 ParOldGen       total 1375744K, used 1375515K [0x0000000080000000, 0x00000000d3f80000, 0x00000000d5580000)
  object space 1375744K, 99% used [0x0000000080000000,0x00000000d3f46f20,0x00000000d3f80000)
 Metaspace       used 87427K, committed 89280K, reserved 1179648K
  class space    used 9031K, committed 9920K, reserved 1048576K
}
Event: 572.196 GC heap before
{Heap before GC invocations=1019 (full 4):
 PSYoungGen      total 2560K, used 2080K [0x00000000d5580000, 0x00000000d5b00000, 0x0000000100000000)
  eden space 2048K, 100% used [0x00000000d5580000,0x00000000d5780000,0x00000000d5780000)
  from space 512K, 6% used [0x00000000d5a80000,0x00000000d5a88000,0x00000000d5b00000)
  to   space 512K, 0% used [0x00000000d5a00000,0x00000000d5a00000,0x00000000d5a80000)
 ParOldGen       total 1375744K, used 1375515K [0x0000000080000000, 0x00000000d3f80000, 0x00000000d5580000)
  object space 1375744K, 99% used [0x0000000080000000,0x00000000d3f46f20,0x00000000d3f80000)
 Metaspace       used 87431K, committed 89280K, reserved 1179648K
  class space    used 9031K, committed 9920K, reserved 1048576K
}
Event: 572.200 GC heap after
{Heap after GC invocations=1019 (full 4):
 PSYoungGen      total 2560K, used 160K [0x00000000d5580000, 0x00000000d5b00000, 0x0000000100000000)
  eden space 2048K, 0% used [0x00000000d5580000,0x00000000d5580000,0x00000000d5780000)
  from space 512K, 31% used [0x00000000d5a00000,0x00000000d5a28000,0x00000000d5a80000)
  to   space 512K, 0% used [0x00000000d5a80000,0x00000000d5a80000,0x00000000d5b00000)
 ParOldGen       total 1375744K, used 1375515K [0x0000000080000000, 0x00000000d3f80000, 0x00000000d5580000)
  object space 1375744K, 99% used [0x0000000080000000,0x00000000d3f46f20,0x00000000d3f80000)
 Metaspace       used 87431K, committed 89280K, reserved 1179648K
  class space    used 9031K, committed 9920K, reserved 1048576K
}

